d:\documents\isec-3ano\poo\tp_poo\tp_poo\debug\vc142.pdb
d:\documents\isec-3ano\poo\tp_poo\tp_poo\debug\vc142.idb
d:\documents\isec-3ano\poo\tp_poo\tp_poo\debug\pista.obj
d:\documents\isec-3ano\poo\tp_poo\tp_poo\debug\piloto.obj
d:\documents\isec-3ano\poo\tp_poo\tp_poo\debug\garagem.obj
d:\documents\isec-3ano\poo\tp_poo\tp_poo\debug\corrida.obj
d:\documents\isec-3ano\poo\tp_poo\tp_poo\debug\carro.obj
d:\documents\isec-3ano\poo\tp_poo\tp_poo\debug\campeonato.obj
d:\documents\isec-3ano\poo\tp_poo\tp_poo\debug\autodromo.obj
d:\documents\isec-3ano\poo\tp_poo\tp_poo\debug\source.obj
d:\documents\isec-3ano\poo\tp_poo\debug\tp_poo.exe
d:\documents\isec-3ano\poo\tp_poo\debug\tp_poo.ilk
d:\documents\isec-3ano\poo\tp_poo\debug\tp_poo.pdb
c:\isec\3º ano\1º semestre\programação orientada a objectos\trabalho prático\tp_poo\debug\autodromo.obj
c:\isec\3º ano\1º semestre\programação orientada a objectos\trabalho prático\tp_poo\debug\campeonato.obj
c:\isec\3º ano\1º semestre\programação orientada a objectos\trabalho prático\tp_poo\debug\carro.obj
c:\isec\3º ano\1º semestre\programação orientada a objectos\trabalho prático\tp_poo\debug\corrida.obj
c:\isec\3º ano\1º semestre\programação orientada a objectos\trabalho prático\tp_poo\debug\garagem.obj
c:\isec\3º ano\1º semestre\programação orientada a objectos\trabalho prático\tp_poo\debug\piloto.obj
c:\isec\3º ano\1º semestre\programação orientada a objectos\trabalho prático\tp_poo\debug\pista.obj
c:\isec\3º ano\1º semestre\programação orientada a objectos\trabalho prático\tp_poo\debug\source.obj
c:\isec\3º ano\1º semestre\programação orientada a objectos\trabalho prático\tp_poo\debug\vc142.idb
c:\isec\3º ano\1º semestre\programação orientada a objectos\trabalho prático\tp_poo\debug\vc142.pdb
c:\isec\3º ano\1º semestre\programação orientada a objectos\trabalho prático\tp_poo\debug\tp_poo.tlog\cl.command.1.tlog
c:\isec\3º ano\1º semestre\programação orientada a objectos\trabalho prático\tp_poo\debug\tp_poo.tlog\cl.read.1.tlog
c:\isec\3º ano\1º semestre\programação orientada a objectos\trabalho prático\tp_poo\debug\tp_poo.tlog\cl.write.1.tlog
c:\isec\3º ano\1º semestre\programação orientada a objectos\trabalho prático\tp_poo\debug\tp_poo.tlog\link.command.1.tlog
c:\isec\3º ano\1º semestre\programação orientada a objectos\trabalho prático\tp_poo\debug\tp_poo.tlog\link.read.1.tlog
c:\isec\3º ano\1º semestre\programação orientada a objectos\trabalho prático\tp_poo\debug\tp_poo.tlog\link.write.1.tlog
